-------------------------------------------------------------------------------
Test set: runners.CucumberRunnerTest
-------------------------------------------------------------------------------
Tests run: 4, Failures: 2, Errors: 0, Skipped: 0, Time elapsed: 15.377 s <<< FAILURE! - in runners.CucumberRunnerTest
runners.CucumberRunnerTest.runScenario["User can add a project", "Optional[Manage Project]"](1)  Time elapsed: 3.318 s  <<< FAILURE!
io.cucumber.testng.UndefinedStepException: 
The step 'the user login to system' and 6 other step(s) are undefined.
You can implement these steps using the snippet(s) below:

@Given("the user login to system")
public void the_user_login_to_system() {
    // Write code here that turns the phrase above into concrete actions
    throw new io.cucumber.java.PendingException();
}
@When("user open the project page")
public void user_open_the_project_page() {
    // Write code here that turns the phrase above into concrete actions
    throw new io.cucumber.java.PendingException();
}
@When("user click add project button")
public void user_click_add_project_button() {
    // Write code here that turns the phrase above into concrete actions
    throw new io.cucumber.java.PendingException();
}
@Then("the add project dialog displays")
public void the_add_project_dialog_displays() {
    // Write code here that turns the phrase above into concrete actions
    throw new io.cucumber.java.PendingException();
}
@When("user enter data on form information")
public void user_enter_data_on_form_information() {
    // Write code here that turns the phrase above into concrete actions
    throw new io.cucumber.java.PendingException();
}
@When("click save button")
public void click_save_button() {
    // Write code here that turns the phrase above into concrete actions
    throw new io.cucumber.java.PendingException();
}
@Then("the project just added on Project page")
public void the_project_just_added_on_project_page() {
    // Write code here that turns the phrase above into concrete actions
    throw new io.cucumber.java.PendingException();
}


runners.CucumberRunnerTest.runScenario["Login page to HRM", "Optional[Login Page]"](2)  Time elapsed: 10.729 s  <<< FAILURE!
java.lang.AssertionError: Case fail expected [true] but found [false]

